[INFO] [2017-04-25 15:22:35][org.apache.commons.httpclient.HttpMethodDirector]I/O exception (java.net.ConnectException) caught when processing request: Operation timed out
[INFO] [2017-04-25 15:22:35][org.apache.commons.httpclient.HttpMethodDirector]Retrying request
[ERROR] [2017-04-25 16:15:10][com.crm.utils.HttpUtils]执行HTTP Get请求http://220.249.89.138/web-crm/static/city.xml时，发生异常！
javax.net.ssl.SSLHandshakeException: sun.security.validator.ValidatorException: PKIX path building failed: sun.security.provider.certpath.SunCertPathBuilderException: unable to find valid certification path to requested target
	at sun.security.ssl.Alerts.getSSLException(Alerts.java:192)
	at sun.security.ssl.SSLSocketImpl.fatal(SSLSocketImpl.java:1904)
	at sun.security.ssl.Handshaker.fatalSE(Handshaker.java:279)
	at sun.security.ssl.Handshaker.fatalSE(Handshaker.java:273)
	at sun.security.ssl.ClientHandshaker.serverCertificate(ClientHandshaker.java:1446)
	at sun.security.ssl.ClientHandshaker.processMessage(ClientHandshaker.java:209)
	at sun.security.ssl.Handshaker.processLoop(Handshaker.java:901)
	at sun.security.ssl.Handshaker.process_record(Handshaker.java:837)
	at sun.security.ssl.SSLSocketImpl.readRecord(SSLSocketImpl.java:1023)
	at sun.security.ssl.SSLSocketImpl.performInitialHandshake(SSLSocketImpl.java:1332)
	at sun.security.ssl.SSLSocketImpl.writeRecord(SSLSocketImpl.java:709)
	at sun.security.ssl.AppOutputStream.write(AppOutputStream.java:122)
	at java.io.BufferedOutputStream.flushBuffer(BufferedOutputStream.java:82)
	at java.io.BufferedOutputStream.flush(BufferedOutputStream.java:140)
	at org.apache.commons.httpclient.HttpConnection.flushRequestOutputStream(HttpConnection.java:828)
	at org.apache.commons.httpclient.HttpMethodBase.writeRequest(HttpMethodBase.java:2116)
	at org.apache.commons.httpclient.HttpMethodBase.execute(HttpMethodBase.java:1096)
	at org.apache.commons.httpclient.HttpMethodDirector.executeWithRetry(HttpMethodDirector.java:398)
	at org.apache.commons.httpclient.HttpMethodDirector.executeMethod(HttpMethodDirector.java:171)
	at org.apache.commons.httpclient.HttpClient.executeMethod(HttpClient.java:397)
	at org.apache.commons.httpclient.HttpClient.executeMethod(HttpClient.java:323)
	at com.crm.utils.HttpUtils.doGet(HttpUtils.java:39)
	at com.crm.test.CitySpider.run(CitySpider.java:29)
Caused by: sun.security.validator.ValidatorException: PKIX path building failed: sun.security.provider.certpath.SunCertPathBuilderException: unable to find valid certification path to requested target
	at sun.security.validator.PKIXValidator.doBuild(PKIXValidator.java:385)
	at sun.security.validator.PKIXValidator.engineValidate(PKIXValidator.java:292)
	at sun.security.validator.Validator.validate(Validator.java:260)
	at sun.security.ssl.X509TrustManagerImpl.validate(X509TrustManagerImpl.java:326)
	at sun.security.ssl.X509TrustManagerImpl.checkTrusted(X509TrustManagerImpl.java:231)
	at sun.security.ssl.X509TrustManagerImpl.checkServerTrusted(X509TrustManagerImpl.java:126)
	at sun.security.ssl.ClientHandshaker.serverCertificate(ClientHandshaker.java:1428)
	... 18 more
Caused by: sun.security.provider.certpath.SunCertPathBuilderException: unable to find valid certification path to requested target
	at sun.security.provider.certpath.SunCertPathBuilder.engineBuild(SunCertPathBuilder.java:196)
	at java.security.cert.CertPathBuilder.build(CertPathBuilder.java:268)
	at sun.security.validator.PKIXValidator.doBuild(PKIXValidator.java:380)
	... 24 more
[ERROR] [2017-04-25 16:16:51][com.crm.utils.HttpUtils]执行HTTP Get请求http://220.249.89.138/crm/static/city.xml时，发生异常！
javax.net.ssl.SSLHandshakeException: sun.security.validator.ValidatorException: PKIX path building failed: sun.security.provider.certpath.SunCertPathBuilderException: unable to find valid certification path to requested target
	at sun.security.ssl.Alerts.getSSLException(Alerts.java:192)
	at sun.security.ssl.SSLSocketImpl.fatal(SSLSocketImpl.java:1904)
	at sun.security.ssl.Handshaker.fatalSE(Handshaker.java:279)
	at sun.security.ssl.Handshaker.fatalSE(Handshaker.java:273)
	at sun.security.ssl.ClientHandshaker.serverCertificate(ClientHandshaker.java:1446)
	at sun.security.ssl.ClientHandshaker.processMessage(ClientHandshaker.java:209)
	at sun.security.ssl.Handshaker.processLoop(Handshaker.java:901)
	at sun.security.ssl.Handshaker.process_record(Handshaker.java:837)
	at sun.security.ssl.SSLSocketImpl.readRecord(SSLSocketImpl.java:1023)
	at sun.security.ssl.SSLSocketImpl.performInitialHandshake(SSLSocketImpl.java:1332)
	at sun.security.ssl.SSLSocketImpl.writeRecord(SSLSocketImpl.java:709)
	at sun.security.ssl.AppOutputStream.write(AppOutputStream.java:122)
	at java.io.BufferedOutputStream.flushBuffer(BufferedOutputStream.java:82)
	at java.io.BufferedOutputStream.flush(BufferedOutputStream.java:140)
	at org.apache.commons.httpclient.HttpConnection.flushRequestOutputStream(HttpConnection.java:828)
	at org.apache.commons.httpclient.HttpMethodBase.writeRequest(HttpMethodBase.java:2116)
	at org.apache.commons.httpclient.HttpMethodBase.execute(HttpMethodBase.java:1096)
	at org.apache.commons.httpclient.HttpMethodDirector.executeWithRetry(HttpMethodDirector.java:398)
	at org.apache.commons.httpclient.HttpMethodDirector.executeMethod(HttpMethodDirector.java:171)
	at org.apache.commons.httpclient.HttpClient.executeMethod(HttpClient.java:397)
	at org.apache.commons.httpclient.HttpClient.executeMethod(HttpClient.java:323)
	at com.crm.utils.HttpUtils.doGet(HttpUtils.java:39)
	at com.crm.test.CitySpider.run(CitySpider.java:29)
Caused by: sun.security.validator.ValidatorException: PKIX path building failed: sun.security.provider.certpath.SunCertPathBuilderException: unable to find valid certification path to requested target
	at sun.security.validator.PKIXValidator.doBuild(PKIXValidator.java:385)
	at sun.security.validator.PKIXValidator.engineValidate(PKIXValidator.java:292)
	at sun.security.validator.Validator.validate(Validator.java:260)
	at sun.security.ssl.X509TrustManagerImpl.validate(X509TrustManagerImpl.java:326)
	at sun.security.ssl.X509TrustManagerImpl.checkTrusted(X509TrustManagerImpl.java:231)
	at sun.security.ssl.X509TrustManagerImpl.checkServerTrusted(X509TrustManagerImpl.java:126)
	at sun.security.ssl.ClientHandshaker.serverCertificate(ClientHandshaker.java:1428)
	... 18 more
Caused by: sun.security.provider.certpath.SunCertPathBuilderException: unable to find valid certification path to requested target
	at sun.security.provider.certpath.SunCertPathBuilder.engineBuild(SunCertPathBuilder.java:196)
	at java.security.cert.CertPathBuilder.build(CertPathBuilder.java:268)
	at sun.security.validator.PKIXValidator.doBuild(PKIXValidator.java:380)
	... 24 more
[ERROR] [2017-04-25 16:17:23][com.crm.utils.HttpUtils]执行HTTP Get请求https://220.249.89.138/crm/static/city.xml时，发生异常！
javax.net.ssl.SSLHandshakeException: sun.security.validator.ValidatorException: PKIX path building failed: sun.security.provider.certpath.SunCertPathBuilderException: unable to find valid certification path to requested target
	at sun.security.ssl.Alerts.getSSLException(Alerts.java:192)
	at sun.security.ssl.SSLSocketImpl.fatal(SSLSocketImpl.java:1904)
	at sun.security.ssl.Handshaker.fatalSE(Handshaker.java:279)
	at sun.security.ssl.Handshaker.fatalSE(Handshaker.java:273)
	at sun.security.ssl.ClientHandshaker.serverCertificate(ClientHandshaker.java:1446)
	at sun.security.ssl.ClientHandshaker.processMessage(ClientHandshaker.java:209)
	at sun.security.ssl.Handshaker.processLoop(Handshaker.java:901)
	at sun.security.ssl.Handshaker.process_record(Handshaker.java:837)
	at sun.security.ssl.SSLSocketImpl.readRecord(SSLSocketImpl.java:1023)
	at sun.security.ssl.SSLSocketImpl.performInitialHandshake(SSLSocketImpl.java:1332)
	at sun.security.ssl.SSLSocketImpl.writeRecord(SSLSocketImpl.java:709)
	at sun.security.ssl.AppOutputStream.write(AppOutputStream.java:122)
	at java.io.BufferedOutputStream.flushBuffer(BufferedOutputStream.java:82)
	at java.io.BufferedOutputStream.flush(BufferedOutputStream.java:140)
	at org.apache.commons.httpclient.HttpConnection.flushRequestOutputStream(HttpConnection.java:828)
	at org.apache.commons.httpclient.HttpMethodBase.writeRequest(HttpMethodBase.java:2116)
	at org.apache.commons.httpclient.HttpMethodBase.execute(HttpMethodBase.java:1096)
	at org.apache.commons.httpclient.HttpMethodDirector.executeWithRetry(HttpMethodDirector.java:398)
	at org.apache.commons.httpclient.HttpMethodDirector.executeMethod(HttpMethodDirector.java:171)
	at org.apache.commons.httpclient.HttpClient.executeMethod(HttpClient.java:397)
	at org.apache.commons.httpclient.HttpClient.executeMethod(HttpClient.java:323)
	at com.crm.utils.HttpUtils.doGet(HttpUtils.java:39)
	at com.crm.test.CitySpider.run(CitySpider.java:29)
Caused by: sun.security.validator.ValidatorException: PKIX path building failed: sun.security.provider.certpath.SunCertPathBuilderException: unable to find valid certification path to requested target
	at sun.security.validator.PKIXValidator.doBuild(PKIXValidator.java:385)
	at sun.security.validator.PKIXValidator.engineValidate(PKIXValidator.java:292)
	at sun.security.validator.Validator.validate(Validator.java:260)
	at sun.security.ssl.X509TrustManagerImpl.validate(X509TrustManagerImpl.java:326)
	at sun.security.ssl.X509TrustManagerImpl.checkTrusted(X509TrustManagerImpl.java:231)
	at sun.security.ssl.X509TrustManagerImpl.checkServerTrusted(X509TrustManagerImpl.java:126)
	at sun.security.ssl.ClientHandshaker.serverCertificate(ClientHandshaker.java:1428)
	... 18 more
Caused by: sun.security.provider.certpath.SunCertPathBuilderException: unable to find valid certification path to requested target
	at sun.security.provider.certpath.SunCertPathBuilder.engineBuild(SunCertPathBuilder.java:196)
	at java.security.cert.CertPathBuilder.build(CertPathBuilder.java:268)
	at sun.security.validator.PKIXValidator.doBuild(PKIXValidator.java:380)
	... 24 more
[ERROR] [2017-04-25 16:19:00][com.crm.utils.HttpUtils]执行HTTP Get请求https://i.bridgebiomed.com/crm/static/city.xml时，发生异常！
javax.net.ssl.SSLHandshakeException: sun.security.validator.ValidatorException: PKIX path building failed: sun.security.provider.certpath.SunCertPathBuilderException: unable to find valid certification path to requested target
	at sun.security.ssl.Alerts.getSSLException(Alerts.java:192)
	at sun.security.ssl.SSLSocketImpl.fatal(SSLSocketImpl.java:1904)
	at sun.security.ssl.Handshaker.fatalSE(Handshaker.java:279)
	at sun.security.ssl.Handshaker.fatalSE(Handshaker.java:273)
	at sun.security.ssl.ClientHandshaker.serverCertificate(ClientHandshaker.java:1446)
	at sun.security.ssl.ClientHandshaker.processMessage(ClientHandshaker.java:209)
	at sun.security.ssl.Handshaker.processLoop(Handshaker.java:901)
	at sun.security.ssl.Handshaker.process_record(Handshaker.java:837)
	at sun.security.ssl.SSLSocketImpl.readRecord(SSLSocketImpl.java:1023)
	at sun.security.ssl.SSLSocketImpl.performInitialHandshake(SSLSocketImpl.java:1332)
	at sun.security.ssl.SSLSocketImpl.writeRecord(SSLSocketImpl.java:709)
	at sun.security.ssl.AppOutputStream.write(AppOutputStream.java:122)
	at java.io.BufferedOutputStream.flushBuffer(BufferedOutputStream.java:82)
	at java.io.BufferedOutputStream.flush(BufferedOutputStream.java:140)
	at org.apache.commons.httpclient.HttpConnection.flushRequestOutputStream(HttpConnection.java:828)
	at org.apache.commons.httpclient.HttpMethodBase.writeRequest(HttpMethodBase.java:2116)
	at org.apache.commons.httpclient.HttpMethodBase.execute(HttpMethodBase.java:1096)
	at org.apache.commons.httpclient.HttpMethodDirector.executeWithRetry(HttpMethodDirector.java:398)
	at org.apache.commons.httpclient.HttpMethodDirector.executeMethod(HttpMethodDirector.java:171)
	at org.apache.commons.httpclient.HttpClient.executeMethod(HttpClient.java:397)
	at org.apache.commons.httpclient.HttpClient.executeMethod(HttpClient.java:323)
	at com.crm.utils.HttpUtils.doGet(HttpUtils.java:39)
	at com.crm.test.CitySpider.run(CitySpider.java:29)
Caused by: sun.security.validator.ValidatorException: PKIX path building failed: sun.security.provider.certpath.SunCertPathBuilderException: unable to find valid certification path to requested target
	at sun.security.validator.PKIXValidator.doBuild(PKIXValidator.java:385)
	at sun.security.validator.PKIXValidator.engineValidate(PKIXValidator.java:292)
	at sun.security.validator.Validator.validate(Validator.java:260)
	at sun.security.ssl.X509TrustManagerImpl.validate(X509TrustManagerImpl.java:326)
	at sun.security.ssl.X509TrustManagerImpl.checkTrusted(X509TrustManagerImpl.java:231)
	at sun.security.ssl.X509TrustManagerImpl.checkServerTrusted(X509TrustManagerImpl.java:126)
	at sun.security.ssl.ClientHandshaker.serverCertificate(ClientHandshaker.java:1428)
	... 18 more
Caused by: sun.security.provider.certpath.SunCertPathBuilderException: unable to find valid certification path to requested target
	at sun.security.provider.certpath.SunCertPathBuilder.engineBuild(SunCertPathBuilder.java:196)
	at java.security.cert.CertPathBuilder.build(CertPathBuilder.java:268)
	at sun.security.validator.PKIXValidator.doBuild(PKIXValidator.java:380)
	... 24 more
[ERROR] [2017-04-25 16:25:06][com.crm.utils.HttpUtils]执行HTTP Get请求https://i.bridgebiomed.com/crm/static/city.xml时，发生异常！
javax.net.ssl.SSLHandshakeException: sun.security.validator.ValidatorException: PKIX path building failed: sun.security.provider.certpath.SunCertPathBuilderException: unable to find valid certification path to requested target
	at sun.security.ssl.Alerts.getSSLException(Alerts.java:192)
	at sun.security.ssl.SSLSocketImpl.fatal(SSLSocketImpl.java:1904)
	at sun.security.ssl.Handshaker.fatalSE(Handshaker.java:279)
	at sun.security.ssl.Handshaker.fatalSE(Handshaker.java:273)
	at sun.security.ssl.ClientHandshaker.serverCertificate(ClientHandshaker.java:1446)
	at sun.security.ssl.ClientHandshaker.processMessage(ClientHandshaker.java:209)
	at sun.security.ssl.Handshaker.processLoop(Handshaker.java:901)
	at sun.security.ssl.Handshaker.process_record(Handshaker.java:837)
	at sun.security.ssl.SSLSocketImpl.readRecord(SSLSocketImpl.java:1023)
	at sun.security.ssl.SSLSocketImpl.performInitialHandshake(SSLSocketImpl.java:1332)
	at sun.security.ssl.SSLSocketImpl.writeRecord(SSLSocketImpl.java:709)
	at sun.security.ssl.AppOutputStream.write(AppOutputStream.java:122)
	at java.io.BufferedOutputStream.flushBuffer(BufferedOutputStream.java:82)
	at java.io.BufferedOutputStream.flush(BufferedOutputStream.java:140)
	at org.apache.commons.httpclient.HttpConnection.flushRequestOutputStream(HttpConnection.java:828)
	at org.apache.commons.httpclient.HttpMethodBase.writeRequest(HttpMethodBase.java:2116)
	at org.apache.commons.httpclient.HttpMethodBase.execute(HttpMethodBase.java:1096)
	at org.apache.commons.httpclient.HttpMethodDirector.executeWithRetry(HttpMethodDirector.java:398)
	at org.apache.commons.httpclient.HttpMethodDirector.executeMethod(HttpMethodDirector.java:171)
	at org.apache.commons.httpclient.HttpClient.executeMethod(HttpClient.java:397)
	at org.apache.commons.httpclient.HttpClient.executeMethod(HttpClient.java:323)
	at com.crm.utils.HttpUtils.doGet(HttpUtils.java:39)
	at com.crm.test.CitySpider.run(CitySpider.java:34)
Caused by: sun.security.validator.ValidatorException: PKIX path building failed: sun.security.provider.certpath.SunCertPathBuilderException: unable to find valid certification path to requested target
	at sun.security.validator.PKIXValidator.doBuild(PKIXValidator.java:385)
	at sun.security.validator.PKIXValidator.engineValidate(PKIXValidator.java:292)
	at sun.security.validator.Validator.validate(Validator.java:260)
	at sun.security.ssl.X509TrustManagerImpl.validate(X509TrustManagerImpl.java:326)
	at sun.security.ssl.X509TrustManagerImpl.checkTrusted(X509TrustManagerImpl.java:231)
	at sun.security.ssl.X509TrustManagerImpl.checkServerTrusted(X509TrustManagerImpl.java:126)
	at sun.security.ssl.ClientHandshaker.serverCertificate(ClientHandshaker.java:1428)
	... 18 more
Caused by: sun.security.provider.certpath.SunCertPathBuilderException: unable to find valid certification path to requested target
	at sun.security.provider.certpath.SunCertPathBuilder.engineBuild(SunCertPathBuilder.java:196)
	at java.security.cert.CertPathBuilder.build(CertPathBuilder.java:268)
	at sun.security.validator.PKIXValidator.doBuild(PKIXValidator.java:380)
	... 24 more
[INFO] [2017-04-26 10:36:35][org.apache.commons.httpclient.HttpMethodDirector]I/O exception (java.net.ConnectException) caught when processing request: Connection refused
[INFO] [2017-04-26 10:36:35][org.apache.commons.httpclient.HttpMethodDirector]Retrying request
[INFO] [2017-04-26 10:36:35][org.apache.commons.httpclient.HttpMethodDirector]I/O exception (java.net.ConnectException) caught when processing request: Connection refused
[INFO] [2017-04-26 10:36:35][org.apache.commons.httpclient.HttpMethodDirector]Retrying request
[INFO] [2017-04-26 10:36:35][org.apache.commons.httpclient.HttpMethodDirector]I/O exception (java.net.ConnectException) caught when processing request: Connection refused
[INFO] [2017-04-26 10:36:35][org.apache.commons.httpclient.HttpMethodDirector]Retrying request
[ERROR] [2017-04-26 10:36:35][com.crm.utils.HttpUtils]执行HTTP Get请求http://127.0.0.1:8080/web-crm/static/city.xml时，发生异常！
java.net.ConnectException: Connection refused
	at java.net.PlainSocketImpl.socketConnect(Native Method)
	at java.net.AbstractPlainSocketImpl.doConnect(AbstractPlainSocketImpl.java:339)
	at java.net.AbstractPlainSocketImpl.connectToAddress(AbstractPlainSocketImpl.java:200)
	at java.net.AbstractPlainSocketImpl.connect(AbstractPlainSocketImpl.java:182)
	at java.net.SocksSocketImpl.connect(SocksSocketImpl.java:392)
	at java.net.Socket.connect(Socket.java:579)
	at java.net.Socket.connect(Socket.java:528)
	at java.net.Socket.<init>(Socket.java:425)
	at java.net.Socket.<init>(Socket.java:280)
	at org.apache.commons.httpclient.protocol.DefaultProtocolSocketFactory.createSocket(DefaultProtocolSocketFactory.java:80)
	at org.apache.commons.httpclient.protocol.DefaultProtocolSocketFactory.createSocket(DefaultProtocolSocketFactory.java:122)
	at org.apache.commons.httpclient.HttpConnection.open(HttpConnection.java:707)
	at org.apache.commons.httpclient.HttpMethodDirector.executeWithRetry(HttpMethodDirector.java:387)
	at org.apache.commons.httpclient.HttpMethodDirector.executeMethod(HttpMethodDirector.java:171)
	at org.apache.commons.httpclient.HttpClient.executeMethod(HttpClient.java:397)
	at org.apache.commons.httpclient.HttpClient.executeMethod(HttpClient.java:323)
	at com.crm.utils.HttpUtils.doGet(HttpUtils.java:39)
	at com.crm.test.CitySpider.run(CitySpider.java:32)
